  317296103_PROYECTOFINALTEORIA_GPO5.cpp
C:\Users\rodri\Escritorio\317296103_PROYECTOFINAL2023-2_GPO07\ProyectoFinal\modelAnim.h(104,44): warning C4244: '=': conversión de 'double' a 'float'; posible pérdida de datos
C:\Users\rodri\Escritorio\317296103_PROYECTOFINAL2023-2_GPO07\ProyectoFinal\modelAnim.h(519,24): warning C4244: 'inicializando': conversión de 'double' a 'float'; posible pérdida de datos
C:\Users\rodri\Escritorio\317296103_PROYECTOFINAL2023-2_GPO07\ProyectoFinal\317296103_PROYECTOFINALTEORIA_GPO5.cpp(423,24): warning C4244: 'inicializando': conversión de 'double' a 'GLfloat'; posible pérdida de datos
C:\Users\rodri\Escritorio\317296103_PROYECTOFINAL2023-2_GPO07\ProyectoFinal\317296103_PROYECTOFINALTEORIA_GPO5.cpp(459,21): warning C4244: '=': conversión de 'double' a 'T'; posible pérdida de datos
          with
          [
              T=float
          ]
C:\Users\rodri\Escritorio\317296103_PROYECTOFINAL2023-2_GPO07\ProyectoFinal\317296103_PROYECTOFINALTEORIA_GPO5.cpp(460,21): warning C4244: '=': conversión de 'double' a 'T'; posible pérdida de datos
          with
          [
              T=float
          ]
C:\Users\rodri\Escritorio\317296103_PROYECTOFINAL2023-2_GPO07\ProyectoFinal\317296103_PROYECTOFINALTEORIA_GPO5.cpp(461,21): warning C4244: '=': conversión de 'double' a 'T'; posible pérdida de datos
          with
          [
              T=float
          ]
C:\Users\rodri\Escritorio\317296103_PROYECTOFINAL2023-2_GPO07\ProyectoFinal\317296103_PROYECTOFINALTEORIA_GPO5.cpp(744,98): warning C4305: 'argumento': truncamiento de 'double' a 'GLfloat'
C:\Users\rodri\Escritorio\317296103_PROYECTOFINAL2023-2_GPO07\ProyectoFinal\317296103_PROYECTOFINALTEORIA_GPO5.cpp(754,98): warning C4305: 'argumento': truncamiento de 'double' a 'GLfloat'
C:\Users\rodri\Escritorio\317296103_PROYECTOFINAL2023-2_GPO07\ProyectoFinal\317296103_PROYECTOFINALTEORIA_GPO5.cpp(767,93): warning C4305: 'argumento': truncamiento de 'double' a 'GLfloat'
C:\Users\rodri\Escritorio\317296103_PROYECTOFINAL2023-2_GPO07\ProyectoFinal\317296103_PROYECTOFINALTEORIA_GPO5.cpp(774,93): warning C4305: 'argumento': truncamiento de 'double' a 'GLfloat'
C:\Users\rodri\Escritorio\317296103_PROYECTOFINAL2023-2_GPO07\ProyectoFinal\317296103_PROYECTOFINALTEORIA_GPO5.cpp(781,93): warning C4305: 'argumento': truncamiento de 'double' a 'GLfloat'
C:\Users\rodri\Escritorio\317296103_PROYECTOFINAL2023-2_GPO07\ProyectoFinal\317296103_PROYECTOFINALTEORIA_GPO5.cpp(788,93): warning C4305: 'argumento': truncamiento de 'double' a 'GLfloat'
C:\Users\rodri\Escritorio\317296103_PROYECTOFINAL2023-2_GPO07\ProyectoFinal\317296103_PROYECTOFINALTEORIA_GPO5.cpp(797,26): warning C4244: '=': conversión de 'double' a 'float'; posible pérdida de datos
C:\Users\rodri\Escritorio\317296103_PROYECTOFINAL2023-2_GPO07\ProyectoFinal\317296103_PROYECTOFINALTEORIA_GPO5.cpp(815,26): warning C4244: '=': conversión de 'double' a 'float'; posible pérdida de datos
C:\Users\rodri\Escritorio\317296103_PROYECTOFINAL2023-2_GPO07\ProyectoFinal\317296103_PROYECTOFINALTEORIA_GPO5.cpp(1064,11): warning C4244: '=': conversión de 'double' a 'GLfloat'; posible pérdida de datos
C:\Users\rodri\Escritorio\317296103_PROYECTOFINAL2023-2_GPO07\ProyectoFinal\317296103_PROYECTOFINALTEORIA_GPO5.cpp(1065,11): warning C4244: '=': conversión de 'double' a 'GLfloat'; posible pérdida de datos
C:\Users\rodri\Escritorio\317296103_PROYECTOFINAL2023-2_GPO07\ProyectoFinal\317296103_PROYECTOFINALTEORIA_GPO5.cpp(1069,18): warning C4244: 'inicializando': conversión de 'double' a 'GLfloat'; posible pérdida de datos
C:\Users\rodri\Escritorio\317296103_PROYECTOFINAL2023-2_GPO07\ProyectoFinal\317296103_PROYECTOFINALTEORIA_GPO5.cpp(1070,18): warning C4244: 'inicializando': conversión de 'double' a 'GLfloat'; posible pérdida de datos
C:\Users\rodri\Escritorio\317296103_PROYECTOFINAL2023-2_GPO07\ProyectoFinal\317296103_PROYECTOFINALTEORIA_GPO5.cpp(1072,10): warning C4244: '=': conversión de 'double' a 'GLfloat'; posible pérdida de datos
C:\Users\rodri\Escritorio\317296103_PROYECTOFINAL2023-2_GPO07\ProyectoFinal\317296103_PROYECTOFINALTEORIA_GPO5.cpp(1073,10): warning C4244: '=': conversión de 'double' a 'GLfloat'; posible pérdida de datos
LINK : warning LNK4098: la biblioteca predeterminada'MSVCRT' entra en conflicto con otras bibliotecas; use la biblioteca /NODEFAULTLIB:biblioteca
soil2-debug.lib(etc1_utils.obj) : warning LNK4099: no se encontró PDB '' con 'soil2-debug.lib(etc1_utils.obj)' o en ''; se vinculará el objeto sin tener en cuenta información de depuración
soil2-debug.lib(image_DXT.obj) : warning LNK4099: no se encontró PDB '' con 'soil2-debug.lib(image_DXT.obj)' o en ''; se vinculará el objeto sin tener en cuenta información de depuración
soil2-debug.lib(image_helper.obj) : warning LNK4099: no se encontró PDB '' con 'soil2-debug.lib(image_helper.obj)' o en ''; se vinculará el objeto sin tener en cuenta información de depuración
soil2-debug.lib(SOIL2.obj) : warning LNK4099: no se encontró PDB '' con 'soil2-debug.lib(SOIL2.obj)' o en ''; se vinculará el objeto sin tener en cuenta información de depuración
  ProyectoFinal.vcxproj -> C:\Users\rodri\Escritorio\317296103_PROYECTOFINAL2023-2_GPO07\Debug\ProyectoFinal.exe
